[2023-08-25T22:55:16.770Z] ERROR: An error occurred while processing login:
[2023-08-25T22:58:23.958Z] ERROR: An error occurred while processing login:
Error: secretOrPrivateKey must have a value
    at module.exports [as sign] (D:\work\web dev\task-tracker\server\node_modules\jsonwebtoken\sign.js:105:20)
    at Object.createToken (D:\work\web dev\task-tracker\server\utils\jwt.js:6:14)
    at loginUser (D:\work\web dev\task-tracker\server\controllers\authController.js:62:28)
[2023-08-27T18:47:53.285Z] ERROR: Error creating task
MongoServerError: E11000 duplicate key error collection: task-tracker.tasks index: taskID_1 dup key: { taskID: null }
    at D:\work\web dev\task-tracker\server\node_modules\mongoose\node_modules\mongodb\lib\operations\insert.js:50:33
    at D:\work\web dev\task-tracker\server\node_modules\mongoose\node_modules\mongodb\lib\cmap\connection_pool.js:331:21
    at D:\work\web dev\task-tracker\server\node_modules\mongoose\node_modules\mongodb\lib\sdam\server.js:209:17
    at handleOperationResult (D:\work\web dev\task-tracker\server\node_modules\mongoose\node_modules\mongodb\lib\sdam\server.js:337:20)
    at Connection.onMessage (D:\work\web dev\task-tracker\server\node_modules\mongoose\node_modules\mongodb\lib\cmap\connection.js:206:9)
    at MessageStream.<anonymous> (D:\work\web dev\task-tracker\server\node_modules\mongoose\node_modules\mongodb\lib\cmap\connection.js:61:60)
    at MessageStream.emit (node:events:514:28)
    at processIncomingData (D:\work\web dev\task-tracker\server\node_modules\mongoose\node_modules\mongodb\lib\cmap\message_stream.js:124:16)
    at MessageStream._write (D:\work\web dev\task-tracker\server\node_modules\mongoose\node_modules\mongodb\lib\cmap\message_stream.js:33:9)
    at writeOrBuffer (node:internal/streams/writable:392:12)
[2023-08-27T18:48:32.670Z] ERROR: Error creating task
MongoServerError: E11000 duplicate key error collection: task-tracker.tasks index: taskID_1 dup key: { taskID: null }
    at D:\work\web dev\task-tracker\server\node_modules\mongoose\node_modules\mongodb\lib\operations\insert.js:50:33
    at D:\work\web dev\task-tracker\server\node_modules\mongoose\node_modules\mongodb\lib\cmap\connection_pool.js:331:21
    at D:\work\web dev\task-tracker\server\node_modules\mongoose\node_modules\mongodb\lib\sdam\server.js:209:17
    at handleOperationResult (D:\work\web dev\task-tracker\server\node_modules\mongoose\node_modules\mongodb\lib\sdam\server.js:337:20)
    at Connection.onMessage (D:\work\web dev\task-tracker\server\node_modules\mongoose\node_modules\mongodb\lib\cmap\connection.js:206:9)
    at MessageStream.<anonymous> (D:\work\web dev\task-tracker\server\node_modules\mongoose\node_modules\mongodb\lib\cmap\connection.js:61:60)
    at MessageStream.emit (node:events:514:28)
    at processIncomingData (D:\work\web dev\task-tracker\server\node_modules\mongoose\node_modules\mongodb\lib\cmap\message_stream.js:124:16)
    at MessageStream._write (D:\work\web dev\task-tracker\server\node_modules\mongoose\node_modules\mongodb\lib\cmap\message_stream.js:33:9)
    at writeOrBuffer (node:internal/streams/writable:392:12)
[2023-08-27T18:58:26.350Z] ERROR: Error creating task
TypeError: Cannot read properties of null (reading 'sequenceValue')
    at createTask (D:\work\web dev\task-tracker\server\controllers\taskController.js:24:37)
    at process.processTicksAndRejections (node:internal/process/task_queues:95:5)
[2023-08-27T18:58:35.357Z] ERROR: Error creating task
TypeError: Cannot read properties of null (reading 'sequenceValue')
    at createTask (D:\work\web dev\task-tracker\server\controllers\taskController.js:24:37)
    at process.processTicksAndRejections (node:internal/process/task_queues:95:5)
[2023-08-27T19:02:32.074Z] ERROR: Error creating task
TypeError: Cannot read properties of null (reading 'sequenceValue')
    at getNextTaskID (D:\work\web dev\task-tracker\server\controllers\taskController.js:14:24)
    at process.processTicksAndRejections (node:internal/process/task_queues:95:5)
    at async createTask (D:\work\web dev\task-tracker\server\controllers\taskController.js:21:32)
[2023-08-27T19:10:26.989Z] ERROR: Error creating task
ValidationError: Sequence validation failed: collectionName: Path `collectionName` is required.
    at Document.invalidate (D:\work\web dev\task-tracker\server\node_modules\mongoose\lib\document.js:3162:32)
    at D:\work\web dev\task-tracker\server\node_modules\mongoose\lib\document.js:2955:17
    at D:\work\web dev\task-tracker\server\node_modules\mongoose\lib\schematype.js:1368:9
    at process.processTicksAndRejections (node:internal/process/task_queues:77:11)
[2023-08-27T19:11:13.983Z] ERROR: Error creating task
ValidationError: Sequence validation failed: collectionName: Path `collectionName` is required.
    at Document.invalidate (D:\work\web dev\task-tracker\server\node_modules\mongoose\lib\document.js:3162:32)
    at D:\work\web dev\task-tracker\server\node_modules\mongoose\lib\document.js:2955:17
    at D:\work\web dev\task-tracker\server\node_modules\mongoose\lib\schematype.js:1368:9
    at process.processTicksAndRejections (node:internal/process/task_queues:77:11)
[2023-08-27T19:37:19.411Z] ERROR: Error updating task
CastError: Cast to ObjectId failed for value "9" (type string) at path "_id" for model "Task"
    at ObjectId.cast (D:\work\web dev\task-tracker\server\node_modules\mongoose\lib\schema\objectid.js:250:11)
    at SchemaType.applySetters (D:\work\web dev\task-tracker\server\node_modules\mongoose\lib\schematype.js:1220:12)
    at SchemaType.castForQuery (D:\work\web dev\task-tracker\server\node_modules\mongoose\lib\schematype.js:1632:15)
    at cast (D:\work\web dev\task-tracker\server\node_modules\mongoose\lib\cast.js:356:32)
    at Query.cast (D:\work\web dev\task-tracker\server\node_modules\mongoose\lib\query.js:4900:12)
    at Query._castConditions (D:\work\web dev\task-tracker\server\node_modules\mongoose\lib\query.js:2223:10)
    at model.Query._findOne (D:\work\web dev\task-tracker\server\node_modules\mongoose\lib\query.js:2510:8)
    at model.Query.exec (D:\work\web dev\task-tracker\server\node_modules\mongoose\lib\query.js:4419:28)
    at process.processTicksAndRejections (node:internal/process/task_queues:95:5)
    at async updateTask (D:\work\web dev\task-tracker\server\controllers\taskController.js:64:26)
[2023-08-27T19:38:55.497Z] ERROR: Error updating task
CastError: Cast to ObjectId failed for value "9" (type string) at path "_id" for model "Task"
    at ObjectId.cast (D:\work\web dev\task-tracker\server\node_modules\mongoose\lib\schema\objectid.js:250:11)
    at SchemaType.applySetters (D:\work\web dev\task-tracker\server\node_modules\mongoose\lib\schematype.js:1220:12)
    at SchemaType.castForQuery (D:\work\web dev\task-tracker\server\node_modules\mongoose\lib\schematype.js:1632:15)
    at cast (D:\work\web dev\task-tracker\server\node_modules\mongoose\lib\cast.js:356:32)
    at Query.cast (D:\work\web dev\task-tracker\server\node_modules\mongoose\lib\query.js:4900:12)
    at Query._castConditions (D:\work\web dev\task-tracker\server\node_modules\mongoose\lib\query.js:2223:10)
    at model.Query._findOne (D:\work\web dev\task-tracker\server\node_modules\mongoose\lib\query.js:2510:8)
    at model.Query.exec (D:\work\web dev\task-tracker\server\node_modules\mongoose\lib\query.js:4419:28)
    at process.processTicksAndRejections (node:internal/process/task_queues:95:5)
    at async updateTask (D:\work\web dev\task-tracker\server\controllers\taskController.js:65:26)
[2023-08-27T19:43:49.287Z] ERROR: Error updating task
CastError: Cast to ObjectId failed for value "9" (type string) at path "_id" for model "Task"
    at ObjectId.cast (D:\work\web dev\task-tracker\server\node_modules\mongoose\lib\schema\objectid.js:250:11)
    at SchemaType.applySetters (D:\work\web dev\task-tracker\server\node_modules\mongoose\lib\schematype.js:1220:12)
    at SchemaType.castForQuery (D:\work\web dev\task-tracker\server\node_modules\mongoose\lib\schematype.js:1632:15)
    at cast (D:\work\web dev\task-tracker\server\node_modules\mongoose\lib\cast.js:356:32)
    at Query.cast (D:\work\web dev\task-tracker\server\node_modules\mongoose\lib\query.js:4900:12)
    at Query._castConditions (D:\work\web dev\task-tracker\server\node_modules\mongoose\lib\query.js:2223:10)
    at model.Query._findOne (D:\work\web dev\task-tracker\server\node_modules\mongoose\lib\query.js:2510:8)
    at model.Query.exec (D:\work\web dev\task-tracker\server\node_modules\mongoose\lib\query.js:4419:28)
    at process.processTicksAndRejections (node:internal/process/task_queues:95:5)
    at async updateTask (D:\work\web dev\task-tracker\server\controllers\taskController.js:82:26)
[2023-08-27T20:49:26.503Z] ERROR: Error updating task
ValidationError: Task validation failed: status: `Completed` is not a valid enum value for path `status`.
    at Document.invalidate (D:\work\web dev\task-tracker\server\node_modules\mongoose\lib\document.js:3162:32)
    at D:\work\web dev\task-tracker\server\node_modules\mongoose\lib\document.js:2955:17
    at D:\work\web dev\task-tracker\server\node_modules\mongoose\lib\schematype.js:1368:9
    at process.processTicksAndRejections (node:internal/process/task_queues:77:11)
[2023-08-27T20:49:29.059Z] ERROR: Error updating task
ValidationError: Task validation failed: status: `Completed` is not a valid enum value for path `status`.
    at Document.invalidate (D:\work\web dev\task-tracker\server\node_modules\mongoose\lib\document.js:3162:32)
    at D:\work\web dev\task-tracker\server\node_modules\mongoose\lib\document.js:2955:17
    at D:\work\web dev\task-tracker\server\node_modules\mongoose\lib\schematype.js:1368:9
    at process.processTicksAndRejections (node:internal/process/task_queues:77:11)
[2023-08-27T20:50:07.712Z] ERROR: Error updating task
ValidationError: Task validation failed: status: `Completed` is not a valid enum value for path `status`.
    at Document.invalidate (D:\work\web dev\task-tracker\server\node_modules\mongoose\lib\document.js:3162:32)
    at D:\work\web dev\task-tracker\server\node_modules\mongoose\lib\document.js:2955:17
    at D:\work\web dev\task-tracker\server\node_modules\mongoose\lib\schematype.js:1368:9
    at process.processTicksAndRejections (node:internal/process/task_queues:77:11)
[2023-08-27T20:51:10.513Z] ERROR: Error updating task
ValidationError: Task validation failed: status: `Completed` is not a valid enum value for path `status`.
    at Document.invalidate (D:\work\web dev\task-tracker\server\node_modules\mongoose\lib\document.js:3162:32)
    at D:\work\web dev\task-tracker\server\node_modules\mongoose\lib\document.js:2955:17
    at D:\work\web dev\task-tracker\server\node_modules\mongoose\lib\schematype.js:1368:9
    at process.processTicksAndRejections (node:internal/process/task_queues:77:11)
[2023-08-27T21:09:58.729Z] ERROR: Error fetching tasks
TypeError: Invalid sort value: { priority: [object Object] }
    at push (D:\work\web dev\task-tracker\server\node_modules\mquery\lib\mquery.js:1315:19)
    at Query.sort (D:\work\web dev\task-tracker\server\node_modules\mquery\lib\mquery.js:1272:7)
    at Query.sort (D:\work\web dev\task-tracker\server\node_modules\mongoose\lib\query.js:2946:26)
    at getTasks (D:\work\web dev\task-tracker\server\controllers\taskController.js:74:27)
    at process.processTicksAndRejections (node:internal/process/task_queues:95:5)
[2023-08-27T21:13:34.079Z] ERROR: Error fetching tasks
ReferenceError: priorityFilter is not defined
    at getTasks (D:\work\web dev\task-tracker\server\controllers\taskController.js:61:13)
    at process.processTicksAndRejections (node:internal/process/task_queues:95:5)
[2023-08-27T21:13:49.271Z] ERROR: Error fetching tasks
ReferenceError: priorityFilter is not defined
    at getTasks (D:\work\web dev\task-tracker\server\controllers\taskController.js:61:13)
    at process.processTicksAndRejections (node:internal/process/task_queues:95:5)
[2023-08-27T21:13:57.038Z] ERROR: Error fetching tasks
ReferenceError: priorityFilter is not defined
    at getTasks (D:\work\web dev\task-tracker\server\controllers\taskController.js:61:13)
    at process.processTicksAndRejections (node:internal/process/task_queues:95:5)
[2023-08-27T21:14:45.114Z] ERROR: Error fetching tasks
ReferenceError: priorityFilter is not defined
    at getTasks (D:\work\web dev\task-tracker\server\controllers\taskController.js:61:13)
    at process.processTicksAndRejections (node:internal/process/task_queues:95:5)
[2023-08-27T21:15:04.418Z] ERROR: Error fetching tasks
ReferenceError: priorityFilter is not defined
    at getTasks (D:\work\web dev\task-tracker\server\controllers\taskController.js:61:13)
    at process.processTicksAndRejections (node:internal/process/task_queues:95:5)
[2023-08-27T21:19:32.623Z] ERROR: Error deleting task
CastError: Cast to ObjectId failed for value "9" (type string) at path "_id" for model "Task"
    at ObjectId.cast (D:\work\web dev\task-tracker\server\node_modules\mongoose\lib\schema\objectid.js:250:11)
    at SchemaType.applySetters (D:\work\web dev\task-tracker\server\node_modules\mongoose\lib\schematype.js:1220:12)
    at SchemaType.castForQuery (D:\work\web dev\task-tracker\server\node_modules\mongoose\lib\schematype.js:1632:15)
    at cast (D:\work\web dev\task-tracker\server\node_modules\mongoose\lib\cast.js:356:32)
    at Query.cast (D:\work\web dev\task-tracker\server\node_modules\mongoose\lib\query.js:4900:12)
    at Query._castConditions (D:\work\web dev\task-tracker\server\node_modules\mongoose\lib\query.js:2223:10)
    at model.Query._findOneAndDelete (D:\work\web dev\task-tracker\server\node_modules\mongoose\lib\query.js:3491:8)
    at model.Query.exec (D:\work\web dev\task-tracker\server\node_modules\mongoose\lib\query.js:4419:28)
    at process.processTicksAndRejections (node:internal/process/task_queues:95:5)
    at async deleteTask (D:\work\web dev\task-tracker\server\controllers\taskController.js:178:33)
[2023-08-27T21:20:45.174Z] ERROR: Error deleting task
CastError: Cast to ObjectId failed for value "{ taskID: '9' }" (type Object) at path "_id" for model "Task"
    at ObjectId.cast (D:\work\web dev\task-tracker\server\node_modules\mongoose\lib\schema\objectid.js:250:11)
    at SchemaType.applySetters (D:\work\web dev\task-tracker\server\node_modules\mongoose\lib\schematype.js:1220:12)
    at SchemaType.castForQuery (D:\work\web dev\task-tracker\server\node_modules\mongoose\lib\schematype.js:1632:15)
    at cast (D:\work\web dev\task-tracker\server\node_modules\mongoose\lib\cast.js:298:34)
    at Query.cast (D:\work\web dev\task-tracker\server\node_modules\mongoose\lib\query.js:4900:12)
    at Query._castConditions (D:\work\web dev\task-tracker\server\node_modules\mongoose\lib\query.js:2223:10)
    at model.Query._findOneAndDelete (D:\work\web dev\task-tracker\server\node_modules\mongoose\lib\query.js:3491:8)
    at model.Query.exec (D:\work\web dev\task-tracker\server\node_modules\mongoose\lib\query.js:4419:28)
    at process.processTicksAndRejections (node:internal/process/task_queues:95:5)
    at async deleteTask (D:\work\web dev\task-tracker\server\controllers\taskController.js:178:33)
[2023-08-28T05:59:25.987Z] ERROR: Error fetching tasks
ReferenceError: keyword is not defined
    at getTasks (D:\work\web dev\task-tracker\server\controllers\taskController.js:68:13)
    at process.processTicksAndRejections (node:internal/process/task_queues:95:5)
[2023-08-28T05:59:26.248Z] ERROR: Error fetching tasks
ReferenceError: keyword is not defined
    at getTasks (D:\work\web dev\task-tracker\server\controllers\taskController.js:68:13)
    at process.processTicksAndRejections (node:internal/process/task_queues:95:5)
[2023-08-28T06:20:34.772Z] ERROR: Error creating task
ValidationError: Task validation failed: _id: Cast to ObjectId failed for value "0.10520951231504583" (type string) at path "_id" because of "BSONError"
    at Document.invalidate (D:\work\web dev\task-tracker\server\node_modules\mongoose\lib\document.js:3162:32)
    at model.$set (D:\work\web dev\task-tracker\server\node_modules\mongoose\lib\document.js:1453:12)
    at model.set [as _id] (D:\work\web dev\task-tracker\server\node_modules\mongoose\lib\helpers\document\compile.js:205:19)
    at model.idSetter (D:\work\web dev\task-tracker\server\node_modules\mongoose\lib\helpers\schema\idGetter.js:44:12)
    at VirtualType.applySetters (D:\work\web dev\task-tracker\server\node_modules\mongoose\lib\virtualtype.js:166:16)
    at model.$set (D:\work\web dev\task-tracker\server\node_modules\mongoose\lib\document.js:1271:12)
    at model.$set (D:\work\web dev\task-tracker\server\node_modules\mongoose\lib\document.js:1113:16)
    at model.Document (D:\work\web dev\task-tracker\server\node_modules\mongoose\lib\document.js:164:12)
    at model.Model (D:\work\web dev\task-tracker\server\node_modules\mongoose\lib\model.js:123:12)
    at new model (D:\work\web dev\task-tracker\server\node_modules\mongoose\lib\model.js:4691:15)
[2023-08-28T08:34:59.106Z] ERROR: Error fetching tasks
TypeError: Invalid sort value: { priority: [object Object] }
    at push (D:\work\web dev\task-tracker\server\node_modules\mquery\lib\mquery.js:1315:19)
    at Query.sort (D:\work\web dev\task-tracker\server\node_modules\mquery\lib\mquery.js:1272:7)
    at Query.sort (D:\work\web dev\task-tracker\server\node_modules\mongoose\lib\query.js:2946:26)
    at getTasks (D:\work\web dev\task-tracker\server\controllers\taskController.js:97:27)
    at process.processTicksAndRejections (node:internal/process/task_queues:95:5)
[2023-08-28T08:35:17.958Z] ERROR: Error fetching tasks
TypeError: Invalid sort value: { priority: [object Object] }
    at push (D:\work\web dev\task-tracker\server\node_modules\mquery\lib\mquery.js:1315:19)
    at Query.sort (D:\work\web dev\task-tracker\server\node_modules\mquery\lib\mquery.js:1272:7)
    at Query.sort (D:\work\web dev\task-tracker\server\node_modules\mongoose\lib\query.js:2946:26)
    at getTasks (D:\work\web dev\task-tracker\server\controllers\taskController.js:97:27)
    at process.processTicksAndRejections (node:internal/process/task_queues:95:5)
[2023-08-28T08:49:47.517Z] ERROR: Error fetching tasks
TypeError: Invalid sort value: { priority: [object Object] }
    at push (D:\work\web dev\task-tracker\server\node_modules\mquery\lib\mquery.js:1315:19)
    at Query.sort (D:\work\web dev\task-tracker\server\node_modules\mquery\lib\mquery.js:1272:7)
    at Query.sort (D:\work\web dev\task-tracker\server\node_modules\mongoose\lib\query.js:2946:26)
    at getTasks (D:\work\web dev\task-tracker\server\controllers\taskController.js:97:27)
    at process.processTicksAndRejections (node:internal/process/task_queues:95:5)
[2023-08-28T08:51:49.828Z] ERROR: Error fetching tasks
TypeError: Invalid sort value: { priority: [object Object] }
    at push (D:\work\web dev\task-tracker\server\node_modules\mquery\lib\mquery.js:1315:19)
    at Query.sort (D:\work\web dev\task-tracker\server\node_modules\mquery\lib\mquery.js:1272:7)
    at Query.sort (D:\work\web dev\task-tracker\server\node_modules\mongoose\lib\query.js:2946:26)
    at getTasks (D:\work\web dev\task-tracker\server\controllers\taskController.js:98:27)
    at process.processTicksAndRejections (node:internal/process/task_queues:95:5)
